2021-01-04 21:24:45.5237||0|Potres.WebApi.Program|DEBUG|init main | 
2021-01-04 21:24:50.7895||0|Microsoft.AspNetCore.Server.Kestrel|WARN|Overriding address(es) 'https://localhost:5001, http://localhost:5000'. Binding to endpoints defined in UseKestrel() instead. | 
2021-01-04 21:25:06.0185||0|Microsoft.Hosting.Lifetime|INFO|Now listening on: http://0.0.0.0:4800 | 
2021-01-04 21:25:06.0269||0|Microsoft.Hosting.Lifetime|INFO|Now listening on: https://[::]:4900 | 
2021-01-04 21:25:06.0269||0|Microsoft.Hosting.Lifetime|INFO|Application started. Press Ctrl+C to shut down. | 
2021-01-04 21:25:06.0414||0|Microsoft.Hosting.Lifetime|INFO|Hosting environment: Development | 
2021-01-04 21:25:06.0414||0|Microsoft.Hosting.Lifetime|INFO|Content root path: C:\development\UML\GenByUML\GenByUML\bin\Debug\netcoreapp3.1\backend\Potres.WebApi | 
2021-01-04 21:28:26.8997|0HM5GTT4QV1SR:00000003|30000|Microsoft.EntityFrameworkCore.Model.Validation|WARN|No type was specified for the decimal column 'locationLat' on entity type 'Help'. This will cause values to be silently truncated if they do not fit in the default precision and scale. Explicitly specify the SQL server column type that can accommodate all the values using 'HasColumnType()'. |POST 
2021-01-04 21:28:41.6817|0HM5GTT4QV1SR:00000003|30000|Microsoft.EntityFrameworkCore.Model.Validation|WARN|No type was specified for the decimal column 'locationLng' on entity type 'Help'. This will cause values to be silently truncated if they do not fit in the default precision and scale. Explicitly specify the SQL server column type that can accommodate all the values using 'HasColumnType()'. |POST 
2021-01-04 21:28:41.7099|0HM5GTT4QV1SR:00000003|30000|Microsoft.EntityFrameworkCore.Model.Validation|WARN|No type was specified for the decimal column 'locationLat' on entity type 'Need'. This will cause values to be silently truncated if they do not fit in the default precision and scale. Explicitly specify the SQL server column type that can accommodate all the values using 'HasColumnType()'. |POST 
2021-01-04 21:28:41.7266|0HM5GTT4QV1SR:00000003|30000|Microsoft.EntityFrameworkCore.Model.Validation|WARN|No type was specified for the decimal column 'locationLng' on entity type 'Need'. This will cause values to be silently truncated if they do not fit in the default precision and scale. Explicitly specify the SQL server column type that can accommodate all the values using 'HasColumnType()'. |POST 
2021-01-04 21:56:51.4109|0HM5GTT4QV1UJ:00000007|0|Potres.Dal.QueryHandlers.HelpFieldsQueryHandler|WARN|Cannot convert value undefined for field a => Convert(a.HelpId, Object) to Int32 in HelpFields |GET 
2021-01-04 21:57:53.3864|0HM5GTT4QV1UN:00000007|0|Potres.Dal.QueryHandlers.HelpFieldsQueryHandler|WARN|Cannot convert value undefined for field a => Convert(a.HelpId, Object) to Int32 in HelpFields |GET 
2021-01-04 22:19:12.8000|0HM5GTT4QV200:00000027|0|Potres.Dal.QueryHandlers.PropertyQueryHandler|WARN|Cannot convert value undefined for field a => Convert(a.HelpCategoryId, Object) to Int32 in Property |GET 
2021-01-04 22:19:27.6512|0HM5GTT4QV200:00000051|0|Potres.Dal.QueryHandlers.PropertyQueryHandler|WARN|Cannot convert value undefined for field a => Convert(a.HelpCategoryId, Object) to Int32 in Property |GET 
2021-01-04 22:19:42.4284|0HM5GTT4QV200:00000065|0|Potres.Dal.QueryHandlers.PropertyQueryHandler|WARN|Cannot convert value undefined for field a => Convert(a.HelpCategoryId, Object) to Int32 in Property |GET 
2021-01-04 22:19:42.4996|0HM5GTT4QV200:00000067|0|Potres.Dal.QueryHandlers.PropertyQueryHandler|WARN|Cannot convert value undefined for field a => Convert(a.HelpCategoryId, Object) to Int32 in Property |GET 
2021-01-04 22:19:57.5197|0HM5GTT4QV201:00000027|0|Potres.Dal.QueryHandlers.PropertyQueryHandler|WARN|Cannot convert value undefined for field a => Convert(a.HelpCategoryId, Object) to Int32 in Property |GET 
2021-01-04 22:23:12.6890|0HM5GTT4QV20C:00000003|0|Potres.Dal.QueryHandlers.PropertyQueryHandler|WARN|Cannot convert value [object Object] for field a => Convert(a.HelpCategoryId, Object) to Int32 in Property |GET 
2021-01-04 22:23:27.4505|0HM5GTT4QV20C:00000009|0|Potres.Dal.QueryHandlers.PropertyQueryHandler|WARN|Cannot convert value [object Object] for field a => Convert(a.HelpCategoryId, Object) to Int32 in Property |GET 
2021-01-04 22:23:42.1886|0HM5GTT4QV20C:00000035|0|Potres.Dal.QueryHandlers.PropertyQueryHandler|WARN|Cannot convert value [object Object] for field a => Convert(a.HelpCategoryId, Object) to Int32 in Property |GET 
2021-01-04 22:47:11.1916||0|Potres.WebApi.Program|DEBUG|init main | 
2021-01-04 22:47:14.5644||0|Microsoft.AspNetCore.Server.Kestrel|WARN|Overriding address(es) 'https://localhost:5001, http://localhost:5000'. Binding to endpoints defined in UseKestrel() instead. | 
2021-01-04 22:47:29.5271||0|Microsoft.Hosting.Lifetime|INFO|Now listening on: http://0.0.0.0:4800 | 
2021-01-04 22:47:29.5271||0|Microsoft.Hosting.Lifetime|INFO|Now listening on: https://[::]:4900 | 
2021-01-04 22:47:29.5453||0|Microsoft.Hosting.Lifetime|INFO|Application started. Press Ctrl+C to shut down. | 
2021-01-04 22:47:29.5566||0|Microsoft.Hosting.Lifetime|INFO|Hosting environment: Development | 
2021-01-04 22:47:29.5566||0|Microsoft.Hosting.Lifetime|INFO|Content root path: C:\development\UML\GenByUML\GenByUML\bin\Debug\netcoreapp3.1\backend\Potres.WebApi | 
2021-01-04 22:56:06.8869|0HM5GVE4J5DQ3:00000003|30000|Microsoft.EntityFrameworkCore.Model.Validation|WARN|No type was specified for the decimal column 'locationLat' on entity type 'Help'. This will cause values to be silently truncated if they do not fit in the default precision and scale. Explicitly specify the SQL server column type that can accommodate all the values using 'HasColumnType()'. |POST 
2021-01-04 22:56:21.8428|0HM5GVE4J5DQ3:00000003|30000|Microsoft.EntityFrameworkCore.Model.Validation|WARN|No type was specified for the decimal column 'locationLng' on entity type 'Help'. This will cause values to be silently truncated if they do not fit in the default precision and scale. Explicitly specify the SQL server column type that can accommodate all the values using 'HasColumnType()'. |POST 
2021-01-04 22:56:36.5698|0HM5GVE4J5DQ3:00000003|30000|Microsoft.EntityFrameworkCore.Model.Validation|WARN|No type was specified for the decimal column 'locationLat' on entity type 'Need'. This will cause values to be silently truncated if they do not fit in the default precision and scale. Explicitly specify the SQL server column type that can accommodate all the values using 'HasColumnType()'. |POST 
2021-01-04 22:56:36.5988|0HM5GVE4J5DQ3:00000003|30000|Microsoft.EntityFrameworkCore.Model.Validation|WARN|No type was specified for the decimal column 'locationLng' on entity type 'Need'. This will cause values to be silently truncated if they do not fit in the default precision and scale. Explicitly specify the SQL server column type that can accommodate all the values using 'HasColumnType()'. |POST 
