2021-01-06 00:13:11.5261||0|Potres.WebApi.Program|DEBUG|init main | 
2021-01-06 00:13:14.5363||0|Microsoft.AspNetCore.Server.Kestrel|WARN|Overriding address(es) 'https://localhost:5001, http://localhost:5000'. Binding to endpoints defined in UseKestrel() instead. | 
2021-01-06 00:13:29.6222||0|Microsoft.Hosting.Lifetime|INFO|Now listening on: http://0.0.0.0:4800 | 
2021-01-06 00:13:29.6326||0|Microsoft.Hosting.Lifetime|INFO|Now listening on: https://[::]:4900 | 
2021-01-06 00:13:29.6326||0|Microsoft.Hosting.Lifetime|INFO|Application started. Press Ctrl+C to shut down. | 
2021-01-06 00:13:29.6528||0|Microsoft.Hosting.Lifetime|INFO|Hosting environment: Development | 
2021-01-06 00:13:29.6607||0|Microsoft.Hosting.Lifetime|INFO|Content root path: C:\development\potres-backend\Potres.WebApi | 
2021-01-06 00:13:39.1498|0HM5HPU462U15:0000000B|30000|Microsoft.EntityFrameworkCore.Model.Validation|WARN|No type was specified for the decimal column 'locationLat' on entity type 'Help'. This will cause values to be silently truncated if they do not fit in the default precision and scale. Explicitly specify the SQL server column type that can accommodate all the values using 'HasColumnType()'. |GET 
2021-01-06 00:13:53.8545|0HM5HPU462U15:0000000B|30000|Microsoft.EntityFrameworkCore.Model.Validation|WARN|No type was specified for the decimal column 'locationLng' on entity type 'Help'. This will cause values to be silently truncated if they do not fit in the default precision and scale. Explicitly specify the SQL server column type that can accommodate all the values using 'HasColumnType()'. |GET 
2021-01-06 00:13:53.8813|0HM5HPU462U15:0000000B|30000|Microsoft.EntityFrameworkCore.Model.Validation|WARN|No type was specified for the decimal column 'locationLat' on entity type 'Need'. This will cause values to be silently truncated if they do not fit in the default precision and scale. Explicitly specify the SQL server column type that can accommodate all the values using 'HasColumnType()'. |GET 
2021-01-06 00:13:53.8970|0HM5HPU462U15:0000000B|30000|Microsoft.EntityFrameworkCore.Model.Validation|WARN|No type was specified for the decimal column 'locationLng' on entity type 'Need'. This will cause values to be silently truncated if they do not fit in the default precision and scale. Explicitly specify the SQL server column type that can accommodate all the values using 'HasColumnType()'. |GET 
2021-01-06 00:25:44.0913|0HM5HPU462U1C:00000003|1|Microsoft.AspNetCore.Diagnostics.DeveloperExceptionPageMiddleware|ERROR|An unhandled exception has occurred while executing the request. Handler was not found for request of type MediatR.IRequestHandler`2[Potres.Contracting.Commands.UpdateUserCommand,MediatR.Unit]. Register your handlers with the container. See the samples in GitHub for examples.|PUT 
2021-01-06 00:25:58.9840|0HM5HPU462U1C:0000000B|1|Microsoft.AspNetCore.Diagnostics.DeveloperExceptionPageMiddleware|ERROR|An unhandled exception has occurred while executing the request. Handler was not found for request of type MediatR.IRequestHandler`2[Potres.Contracting.Commands.UpdateUserCommand,MediatR.Unit]. Register your handlers with the container. See the samples in GitHub for examples.|PUT 
2021-01-06 00:26:20.6021|0HM5HPU462U1C:00000013|1|Microsoft.AspNetCore.Diagnostics.DeveloperExceptionPageMiddleware|ERROR|An unhandled exception has occurred while executing the request. Handler was not found for request of type MediatR.IRequestHandler`2[Potres.Contracting.Commands.AddUserCommand,System.Int32]. Register your handlers with the container. See the samples in GitHub for examples.|POST 
2021-01-06 00:27:17.4561||0|Potres.WebApi.Program|DEBUG|init main | 
2021-01-06 00:27:20.2404||0|Microsoft.AspNetCore.Server.Kestrel|WARN|Overriding address(es) 'https://localhost:5001, http://localhost:5000'. Binding to endpoints defined in UseKestrel() instead. | 
2021-01-06 00:27:35.1221||0|Microsoft.Hosting.Lifetime|INFO|Now listening on: http://0.0.0.0:4800 | 
2021-01-06 00:27:35.1340||0|Microsoft.Hosting.Lifetime|INFO|Now listening on: https://[::]:4900 | 
2021-01-06 00:27:35.1340||0|Microsoft.Hosting.Lifetime|INFO|Application started. Press Ctrl+C to shut down. | 
2021-01-06 00:27:35.1490||0|Microsoft.Hosting.Lifetime|INFO|Hosting environment: Development | 
2021-01-06 00:27:35.1490||0|Microsoft.Hosting.Lifetime|INFO|Content root path: C:\development\potres-backend\Potres.WebApi | 
2021-01-06 00:27:48.9547|0HM5HQ61JPTH8:00000007|30000|Microsoft.EntityFrameworkCore.Model.Validation|WARN|No type was specified for the decimal column 'locationLat' on entity type 'Help'. This will cause values to be silently truncated if they do not fit in the default precision and scale. Explicitly specify the SQL server column type that can accommodate all the values using 'HasColumnType()'. |GET 
2021-01-06 00:28:03.6303|0HM5HQ61JPTH8:00000007|30000|Microsoft.EntityFrameworkCore.Model.Validation|WARN|No type was specified for the decimal column 'locationLng' on entity type 'Help'. This will cause values to be silently truncated if they do not fit in the default precision and scale. Explicitly specify the SQL server column type that can accommodate all the values using 'HasColumnType()'. |GET 
2021-01-06 00:28:03.6511|0HM5HQ61JPTH8:00000007|30000|Microsoft.EntityFrameworkCore.Model.Validation|WARN|No type was specified for the decimal column 'locationLat' on entity type 'Need'. This will cause values to be silently truncated if they do not fit in the default precision and scale. Explicitly specify the SQL server column type that can accommodate all the values using 'HasColumnType()'. |GET 
2021-01-06 00:28:03.6665|0HM5HQ61JPTH8:00000007|30000|Microsoft.EntityFrameworkCore.Model.Validation|WARN|No type was specified for the decimal column 'locationLng' on entity type 'Need'. This will cause values to be silently truncated if they do not fit in the default precision and scale. Explicitly specify the SQL server column type that can accommodate all the values using 'HasColumnType()'. |GET 
2021-01-06 14:12:54.3686||0|Potres.WebApi.Program|DEBUG|init main | 
2021-01-06 14:12:58.6339||0|Microsoft.AspNetCore.Server.Kestrel|WARN|Overriding address(es) 'https://localhost:5001, http://localhost:5000'. Binding to endpoints defined in UseKestrel() instead. | 
2021-01-06 14:13:13.5415||0|Microsoft.Hosting.Lifetime|INFO|Now listening on: http://0.0.0.0:4800 | 
2021-01-06 14:13:13.5559||0|Microsoft.Hosting.Lifetime|INFO|Now listening on: https://[::]:4900 | 
2021-01-06 14:13:13.5679||0|Microsoft.Hosting.Lifetime|INFO|Application started. Press Ctrl+C to shut down. | 
2021-01-06 14:13:13.5679||0|Microsoft.Hosting.Lifetime|INFO|Hosting environment: Development | 
2021-01-06 14:13:13.5846||0|Microsoft.Hosting.Lifetime|INFO|Content root path: C:\development\potres-backend\Potres.WebApi | 
2021-01-06 14:14:30.5943|0HM5I8JVVGK1R:00000003|30000|Microsoft.EntityFrameworkCore.Model.Validation|WARN|No type was specified for the decimal column 'locationLat' on entity type 'Help'. This will cause values to be silently truncated if they do not fit in the default precision and scale. Explicitly specify the SQL server column type that can accommodate all the values using 'HasColumnType()'. |POST 
2021-01-06 14:14:45.5304|0HM5I8JVVGK1R:00000003|30000|Microsoft.EntityFrameworkCore.Model.Validation|WARN|No type was specified for the decimal column 'locationLng' on entity type 'Help'. This will cause values to be silently truncated if they do not fit in the default precision and scale. Explicitly specify the SQL server column type that can accommodate all the values using 'HasColumnType()'. |POST 
2021-01-06 14:14:45.5588|0HM5I8JVVGK1R:00000003|30000|Microsoft.EntityFrameworkCore.Model.Validation|WARN|No type was specified for the decimal column 'locationLat' on entity type 'Need'. This will cause values to be silently truncated if they do not fit in the default precision and scale. Explicitly specify the SQL server column type that can accommodate all the values using 'HasColumnType()'. |POST 
2021-01-06 14:14:45.5773|0HM5I8JVVGK1R:00000003|30000|Microsoft.EntityFrameworkCore.Model.Validation|WARN|No type was specified for the decimal column 'locationLng' on entity type 'Need'. This will cause values to be silently truncated if they do not fit in the default precision and scale. Explicitly specify the SQL server column type that can accommodate all the values using 'HasColumnType()'. |POST 
